<?xml version="1.0" encoding="UTF-8"?>
<testsuite xmlns:xsi="http://www.w3.org/2001/XMLSchema-instance" xsi:schemaLocation="https://maven.apache.org/surefire/maven-surefire-plugin/xsd/surefire-test-report.xsd" name="MULE.4.2.1.mavenhttpsample-test-suite" time="6.483" failures="0" errors="0" skipped="0" tests="1">
  <properties>
    <property key="java.vendor" value="Oracle Corporation"/>
    <property key="osgi.bundles.defaultStartLevel" value="4"/>
    <property key="org.eclipse.debug.ui.breakpoints.toggleFactoriesUsed" value="true"/>
    <property key="org.osgi.supports.framework.extension" value="true"/>
    <property key="sun.management.compiler" value="HotSpot 64-Bit Tiered Compilers"/>
    <property key="eclipse.p2.profile" value="DefaultProfile"/>
    <property key="os.name" value="Windows 10"/>
    <property key="sun.boot.class.path" value="C:\Program Files\Java\jdk1.8.0_131\jre\lib\resources.jar;C:\Program Files\Java\jdk1.8.0_131\jre\lib\rt.jar;C:\Program Files\Java\jdk1.8.0_131\jre\lib\sunrsasign.jar;C:\Program Files\Java\jdk1.8.0_131\jre\lib\jsse.jar;C:\Program Files\Java\jdk1.8.0_131\jre\lib\jce.jar;C:\Program Files\Java\jdk1.8.0_131\jre\lib\charsets.jar;C:\Program Files\Java\jdk1.8.0_131\jre\lib\jfr.jar;C:\Program Files\Java\jdk1.8.0_131\jre\classes"/>
    <property key="tooling.client.ExtensionModelServiceCache.diskStore.path" value="C:\Users\sekarss\AnypointStudio\studio-workspace\.mule\plugins-tmp\repository"/>
    <property key="osgi.ws" value="win32"/>
    <property key="sun.desktop" value="windows"/>
    <property key="java.vm.specification.vendor" value="Oracle Corporation"/>
    <property key="java.runtime.version" value="1.8.0_131-b11"/>
    <property key="osgi.instance.area" value="file:/C:/Users/sekarss/AnypointStudio/studio-workspace/"/>
    <property key="org.osgi.framework.uuid" value="866dce28-df7e-4972-bc85-0e9d5215b031"/>
    <property key="https.protocols" value="TLSv1.2,TLSv1.1,TLSv1"/>
    <property key="tooling.concurrent.local.repository.enabled" value="false"/>
    <property key="user.name" value="SEKARSS"/>
    <property key="osgi.framework.extensions" value="reference:file:org.eclipse.osgi.compatibility.state_1.1.0.v20170516-1513.jar"/>
    <property key="org.osgi.framework.system.packages" value="javax.accessibility,javax.activation,javax.activity,javax.annotation,javax.annotation.processing,javax.crypto,javax.crypto.interfaces,javax.crypto.spec,javax.imageio,javax.imageio.event,javax.imageio.metadata,javax.imageio.plugins.bmp,javax.imageio.plugins.jpeg,javax.imageio.spi,javax.imageio.stream,javax.jws,javax.jws.soap,javax.lang.model,javax.lang.model.element,javax.lang.model.type,javax.lang.model.util,javax.management,javax.management.loading,javax.management.modelmbean,javax.management.monitor,javax.management.openmbean,javax.management.relation,javax.management.remote,javax.management.remote.rmi,javax.management.timer,javax.naming,javax.naming.directory,javax.naming.event,javax.naming.ldap,javax.naming.spi,javax.net,javax.net.ssl,javax.print,javax.print.attribute,javax.print.attribute.standard,javax.print.event,javax.rmi,javax.rmi.CORBA,javax.rmi.ssl,javax.script,javax.security.auth,javax.security.auth.callback,javax.security.auth.kerberos,javax.security.auth.login,javax.security.auth.spi,javax.security.auth.x500,javax.security.cert,javax.security.sasl,javax.sound.midi,javax.sound.midi.spi,javax.sound.sampled,javax.sound.sampled.spi,javax.sql,javax.sql.rowset,javax.sql.rowset.serial,javax.sql.rowset.spi,javax.swing,javax.swing.border,javax.swing.colorchooser,javax.swing.event,javax.swing.filechooser,javax.swing.plaf,javax.swing.plaf.basic,javax.swing.plaf.metal,javax.swing.plaf.multi,javax.swing.plaf.nimbus,javax.swing.plaf.synth,javax.swing.table,javax.swing.text,javax.swing.text.html,javax.swing.text.html.parser,javax.swing.text.rtf,javax.swing.tree,javax.swing.undo,javax.tools,javax.transaction,javax.transaction.xa,javax.xml,javax.xml.bind,javax.xml.bind.annotation,javax.xml.bind.annotation.adapters,javax.xml.bind.attachment,javax.xml.bind.helpers,javax.xml.bind.util,javax.xml.crypto,javax.xml.crypto.dom,javax.xml.crypto.dsig,javax.xml.crypto.dsig.dom,javax.xml.crypto.dsig.keyinfo,javax.xml.crypto.dsig.spec,javax.xml.datatype,javax.xml.namespace,javax.xml.parsers,javax.xml.soap,javax.xml.stream,javax.xml.stream.events,javax.xml.stream.util,javax.xml.transform,javax.xml.transform.dom,javax.xml.transform.sax,javax.xml.transform.stax,javax.xml.transform.stream,javax.xml.validation,javax.xml.ws,javax.xml.ws.handler,javax.xml.ws.handler.soap,javax.xml.ws.http,javax.xml.ws.soap,javax.xml.ws.spi,javax.xml.ws.spi.http,javax.xml.ws.wsaddressing,javax.xml.xpath,org.ietf.jgss,org.omg.CORBA,org.omg.CORBA_2_3,org.omg.CORBA_2_3.portable,org.omg.CORBA.DynAnyPackage,org.omg.CORBA.ORBPackage,org.omg.CORBA.portable,org.omg.CORBA.TypeCodePackage,org.omg.CosNaming,org.omg.CosNaming.NamingContextExtPackage,org.omg.CosNaming.NamingContextPackage,org.omg.Dynamic,org.omg.DynamicAny,org.omg.DynamicAny.DynAnyFactoryPackage,org.omg.DynamicAny.DynAnyPackage,org.omg.IOP,org.omg.IOP.CodecFactoryPackage,org.omg.IOP.CodecPackage,org.omg.Messaging,org.omg.PortableInterceptor,org.omg.PortableInterceptor.ORBInitInfoPackage,org.omg.PortableServer,org.omg.PortableServer.CurrentPackage,org.omg.PortableServer.POAManagerPackage,org.omg.PortableServer.POAPackage,org.omg.PortableServer.portable,org.omg.PortableServer.ServantLocatorPackage,org.omg.SendingContext,org.omg.stub.java.rmi,org.w3c.dom,org.w3c.dom.bootstrap,org.w3c.dom.css,org.w3c.dom.events,org.w3c.dom.html,org.w3c.dom.ls,org.w3c.dom.ranges,org.w3c.dom.stylesheets,org.w3c.dom.traversal,org.w3c.dom.views,org.w3c.dom.xpath,org.xml.sax,org.xml.sax.ext,org.xml.sax.helpers"/>
    <property key="eclipse.launcher" value="C:\Mulesoft\AnypointStudio-for-win-64bit-7.3.5-201909031749\AnypointStudio\AnypointStudio.exe"/>
    <property key="eclipse.launcher.name" value="AnypointStudio"/>
    <property key="osgi.frameworkClassPath" value="., file:c:/Mulesoft/AnypointStudio-for-win-64bit-7.3.5-201909031749/AnypointStudio/plugins/org.eclipse.osgi.compatibility.state_1.1.0.v20170516-1513.jar"/>
    <property key="org.eclipse.swt.internal.deviceZoom" value="100"/>
    <property key="equinox.use.ds" value="true"/>
    <property key="org.osgi.framework.language" value="en"/>
    <property key="user.language" value="en"/>
    <property key="org.osgi.framework.processor" value="x86-64"/>
    <property key="osgi.syspath" value="c:\Mulesoft\AnypointStudio-for-win-64bit-7.3.5-201909031749\AnypointStudio\plugins"/>
    <property key="osgi.compatibility.bootdelegation.default" value="true"/>
    <property key="sun.boot.library.path" value="C:\Program Files\Java\jdk1.8.0_131\jre\bin"/>
    <property key="org.osgi.framework.system.capabilities" value="osgi.ee; osgi.ee=&quot;OSGi/Minimum&quot;; version:List&lt;Version&gt;=&quot;1.0, 1.1, 1.2&quot;,osgi.ee; osgi.ee=&quot;JRE&quot;; version:List&lt;Version&gt;=&quot;1.0, 1.1&quot;,osgi.ee; osgi.ee=&quot;JavaSE&quot;; version:List&lt;Version&gt;=&quot;1.0, 1.1, 1.2, 1.3, 1.4, 1.5, 1.6, 1.7, 1.8&quot;,osgi.ee; osgi.ee=&quot;JavaSE/compact1&quot;; version:List&lt;Version&gt;=&quot;1.8&quot;,osgi.ee; osgi.ee=&quot;JavaSE/compact2&quot;; version:List&lt;Version&gt;=&quot;1.8&quot;,osgi.ee; osgi.ee=&quot;JavaSE/compact3&quot;; version:List&lt;Version&gt;=&quot;1.8&quot;"/>
    <property key="org.mule.tooling.runtime.args" value="-XX:-UseBiasedLocking"/>
    <property key="osgi.compatibility.bootdelegation" value="true"/>
    <property key="java.version" value="1.8.0_131"/>
    <property key="org.osgi.framework.os.name" value="Windows10"/>
    <property key="user.timezone" value="America/New_York"/>
    <property key="sun.arch.data.model" value="64"/>
    <property key="osgi.bundles" value="reference:file:org.eclipse.osgi.compatibility.state_1.1.0.v20170516-1513.jar,reference:file:org.eclipse.equinox.simpleconfigurator_1.2.0.v20170110-1705.jar@1:start"/>
    <property key="java.endorsed.dirs" value="C:\Program Files\Java\jdk1.8.0_131\jre\lib\endorsed"/>
    <property key="osgi.tracefile" value="C:\Users\sekarss\AnypointStudio\studio-workspace\.metadata\trace.log"/>
    <property key="sun.cpu.isalist" value="amd64"/>
    <property key="sun.jnu.encoding" value="Cp1252"/>
    <property key="eclipse.application" value="org.eclipse.ui.ide.workbench"/>
    <property key="mule.testingMode" value="true"/>
    <property key="file.encoding.pkg" value="sun.io"/>
    <property key="org.osgi.framework.vendor" value="Eclipse"/>
    <property key="equinox.init.uuid" value="true"/>
    <property key="file.separator" value="\"/>
    <property key="java.specification.name" value="Java Platform API Specification"/>
    <property key="java.class.version" value="52.0"/>
    <property key="user.country" value="US"/>
    <property key="org.eclipse.equinox.launcher.splash.location" value="c:\Mulesoft\AnypointStudio-for-win-64bit-7.3.5-201909031749\AnypointStudio\configuration\org.eclipse.equinox.launcher\org.mule.tooling.branding_7.3.5.201909031748\splash.bmp"/>
    <property key="java.home" value="C:\Program Files\Java\jdk1.8.0_131\jre"/>
    <property key="osgi.os" value="win32"/>
    <property key="eclipse.commands" value="-os&#xa;win32&#xa;-ws&#xa;win32&#xa;-arch&#xa;x86_64&#xa;-showsplash&#xa;-launcher&#xa;C:\Mulesoft\AnypointStudio-for-win-64bit-7.3.5-201909031749\AnypointStudio\AnypointStudio.exe&#xa;-name&#xa;AnypointStudio&#xa;--launcher.library&#xa;C:\Mulesoft\AnypointStudio-for-win-64bit-7.3.5-201909031749\AnypointStudio\\plugins/org.eclipse.equinox.launcher.win32.win32.x86_64_1.1.551.v20171108-1834\eclipse_1630.dll&#xa;-startup&#xa;C:\Mulesoft\AnypointStudio-for-win-64bit-7.3.5-201909031749\AnypointStudio\\plugins/org.eclipse.equinox.launcher_1.4.0.v20161219-1356.jar&#xa;--launcher.overrideVmargs&#xa;-vm&#xa;C:\Program Files\Java\jdk1.8.0_131\bin\..\jre\bin\server\jvm.dll&#xa;"/>
    <property key="java.vm.info" value="mixed mode"/>
    <property key="osgi.splashLocation" value="c:\Mulesoft\AnypointStudio-for-win-64bit-7.3.5-201909031749\AnypointStudio\configuration\org.eclipse.equinox.launcher\org.mule.tooling.branding_7.3.5.201909031748\splash.bmp"/>
    <property key="os.version" value="10.0"/>
    <property key="osgi.arch" value="x86_64"/>
    <property key="jdk.http.auth.tunneling.disabledSchemes" value=""/>
    <property key="path.separator" value=";"/>
    <property key="java.vm.version" value="25.131-b11"/>
    <property key="org.osgi.supports.framework.fragment" value="true"/>
    <property key="user.variant" value=""/>
    <property key="org.dom4j.factory" value="org.mule.tooling.core.sax.SAXDocumentFactoryWithLocator"/>
    <property key="osgi.framework.shape" value="jar"/>
    <property key="sun.awt.enableExtraMouseButtons" value="true"/>
    <property key="java.awt.printerjob" value="sun.awt.windows.WPrinterJob"/>
    <property key="osgi.instance.area.default" value="file:/C:/Users/sekarss/AnypointStudio/studio-workspace/"/>
    <property key="sun.io.unicode.encoding" value="UnicodeLittle"/>
    <property key="org.osgi.framework.storage" value="C:\Mulesoft\AnypointStudio-for-win-64bit-7.3.5-201909031749\AnypointStudio\configuration"/>
    <property key="org.osgi.framework.version" value="1.8.0"/>
    <property key="awt.toolkit" value="sun.awt.windows.WToolkit"/>
    <property key="mule.apikit.parser" value="RAML"/>
    <property key="user.script" value=""/>
    <property key="eclipse.stateSaveDelayInterval" value="30000"/>
    <property key="osgi.install.area" value="file:/C:/Mulesoft/AnypointStudio-for-win-64bit-7.3.5-201909031749/AnypointStudio/"/>
    <property key="osgi.framework" value="file:/c:/Mulesoft/AnypointStudio-for-win-64bit-7.3.5-201909031749/AnypointStudio/plugins/org.eclipse.osgi_3.12.50.v20170928-1321.jar"/>
    <property key="user.home" value="C:\Users\sekarss"/>
    <property key="org.eclipse.equinox.simpleconfigurator.configUrl" value="file:org.eclipse.equinox.simpleconfigurator/bundles.info"/>
    <property key="osgi.splashPath" value="platform:/base/plugins/org.mule.tooling.branding"/>
    <property key="osgi.framework.useSystemProperties" value="true"/>
    <property key="java.specification.vendor" value="Oracle Corporation"/>
    <property key="osgi.nl" value="en_US"/>
    <property key="java.vendor.url" value="http://java.oracle.com/"/>
    <property key="java.library.path" value="C:\Mulesoft\AnypointStudio-for-win-64bit-7.3.5-201909031749\AnypointStudio;C:\WINDOWS\Sun\Java\bin;C:\WINDOWS\system32;C:\WINDOWS;C:/Program Files/Java/jdk1.8.0_131/bin/../jre/bin/server;C:/Program Files/Java/jdk1.8.0_131/bin/../jre/bin;C:/Program Files/Java/jdk1.8.0_131/bin/../jre/lib/amd64;C:\Program Files\Java\jdk1.8.0_131\bin;C:\ProgramData\Oracle\Java\javapath;C:\Program Files (x86)\Common Files\Oracle\Java\javapath;C:\tibco\tibrv\8.3\bin;C:\WINDOWS\system32;C:\WINDOWS;C:\WINDOWS\System32\Wbem;C:\WINDOWS\System32\WindowsPowerShell\v1.0\;C:\Program Files\PuTTY\;C:\Program Files (x86)\Liquid Technologies\Liquid Studio 2018\XmlDataBinder16\Redist16\cpp\win32\bin;C:\Program Files (x86)\Liquid Technologies\Liquid Studio 2018\XmlDataBinder16\Redist16\cpp\win64\bin;C:\Program Files\Git\cmd;C:\WINDOWS\System32\OpenSSH\;C:\Program Files\dotnet\;C:\Program Files\Amazon\AWSCLI\bin\;C:\Development\apache-maven-3.5.0\bin;C:\Program Files\Java\jdk1.8.0_131\bin;C:\Mulesoft\AnypointStudio-for-win-64bit-7.3.5-201909031749\AnypointStudio;;."/>
    <property key="eclipse.startTime" value="1568844965903"/>
    <property key="eclipse.p2.data.area" value="@config.dir/../p2/"/>
    <property key="org.osgi.framework.os.version" value="10.0.0"/>
    <property key="java.vm.vendor" value="Oracle Corporation"/>
    <property key="java.runtime.name" value="Java(TM) SE Runtime Environment"/>
    <property key="java.class.path" value="C:\Mulesoft\AnypointStudio-for-win-64bit-7.3.5-201909031749\AnypointStudio\\plugins/org.eclipse.equinox.launcher_1.4.0.v20161219-1356.jar"/>
    <property key="ds.delayed.keepInstances" value="true"/>
    <property key="osgi.requiredJavaVersion" value="1.7"/>
    <property key="org.eclipse.update.reconcile" value="false"/>
    <property key="eclipse.vm" value="C:\Program Files\Java\jdk1.8.0_131\bin\..\jre\bin\server\jvm.dll"/>
    <property key="java.vm.specification.name" value="Java Virtual Machine Specification"/>
    <property key="java.vm.specification.version" value="1.8"/>
    <property key="equinox.resolver.revision.batch.size" value="1"/>
    <property key="sun.os.patch.level" value=""/>
    <property key="sun.cpu.endian" value="little"/>
    <property key="gosh.args" value="--nointeractive"/>
    <property key="java.io.tmpdir" value="C:\Users\sekarss\AppData\Local\Temp\"/>
    <property key="maven.multiModuleProjectDirectory" value=""/>
    <property key="org.mule.tooling.runtime.proxyVmArgs" value="-Dcom.ning.http.client.AsyncHttpClientConfig.useProxyProperties=true"/>
    <property key="java.vendor.url.bug" value="http://bugreport.sun.com/bugreport/"/>
    <property key="applicationXMI" value="org.eclipse.ui.workbench/LegacyIDE.e4xmi"/>
    <property key="eclipse.product" value="org.mule.tooling.branding.mulestudio"/>
    <property key="eclipse.home.location" value="file:/C:/Mulesoft/AnypointStudio-for-win-64bit-7.3.5-201909031749/AnypointStudio/"/>
    <property key="MAVEN_OPTS" value=""/>
    <property key="java.awt.graphicsenv" value="sun.awt.Win32GraphicsEnvironment"/>
    <property key="os.arch" value="amd64"/>
    <property key="java.ext.dirs" value="C:\Program Files\Java\jdk1.8.0_131\jre\lib\ext;C:\WINDOWS\Sun\Java\lib\ext"/>
    <property key="user.dir" value="C:\Mulesoft\AnypointStudio-for-win-64bit-7.3.5-201909031749\AnypointStudio"/>
    <property key="org.osgi.supports.framework.requirebundle" value="true"/>
    <property key="line.separator" value="&#xd;&#xa;"/>
    <property key="java.vm.name" value="Java HotSpot(TM) 64-Bit Server VM"/>
    <property key="mule.studio" value="true"/>
    <property key="org.mule.tooling.client.usecache" value="true"/>
    <property key="file.encoding" value="UTF-8"/>
    <property key="eclipse.vmargs" value="-Xms512m&#xa;-Xmx1024m&#xa;-XX:MaxPermSize=512m&#xa;-Dosgi.instance.area.default=@user.home/AnypointStudio/studio-workspace&#xa;-Dhttps.protocols=TLSv1.2,TLSv1.1,TLSv1&#xa;-Dsun.zip.disableMemoryMapping=true&#xa;-Dequinox.resolver.revision.batch.size=1&#xa;-Dmule.testingMode=true&#xa;-Dorg.mule.tooling.runtime.args=-XX:-UseBiasedLocking&#xa;-Dorg.mule.tooling.runtime.proxyVmArgs=-Dcom.ning.http.client.AsyncHttpClientConfig.useProxyProperties=true&#xa;-Djdk.http.auth.tunneling.disabledSchemes=&#xa;-XX:ErrorFile=./studio_crash_report.log&#xa;-Dorg.mule.tooling.client.usecache=true&#xa;-Dtooling.concurrent.local.repository.enabled=false&#xa;-Dfile.encoding=UTF-8&#xa;-Dmule.apikit.parser=RAML&#xa;-Djava.class.path=C:\Mulesoft\AnypointStudio-for-win-64bit-7.3.5-201909031749\AnypointStudio\\plugins/org.eclipse.equinox.launcher_1.4.0.v20161219-1356.jar&#xa;"/>
    <property key="java.specification.version" value="1.8"/>
    <property key="org.osgi.framework.executionenvironment" value="OSGi/Minimum-1.0,OSGi/Minimum-1.1,OSGi/Minimum-1.2,JavaSE/compact1-1.8,JavaSE/compact2-1.8,JavaSE/compact3-1.8,JRE-1.1,J2SE-1.2,J2SE-1.3,J2SE-1.4,J2SE-1.5,JavaSE-1.6,JavaSE-1.7,JavaSE-1.8"/>
    <property key="osgi.configuration.area" value="file:/C:/Mulesoft/AnypointStudio-for-win-64bit-7.3.5-201909031749/AnypointStudio/configuration/"/>
    <property key="osgi.logfile" value="C:\Users\sekarss\AnypointStudio\studio-workspace\.metadata\.log"/>
    <property key="munit.system.properties.file" value="C:\Users\sekarss\AnypointStudio\studio-workspace\httpsample\target\user.system.properties"/>
    <property key="org.glassfish.grizzly.DEFAULT_MEMORY_MANAGER" value="org.glassfish.grizzly.memory.HeapMemoryManager"/>
  </properties>
  <testcase time="6.446" name="mavenhttpsample-test-suite-httpsampleFlowTest" classname="MULE.4.2.1.mavenhttpsample-test-suite"/>
</testsuite>